#-----------------------------------------------------------
# Vivado v2016.1 (64-bit)
# SW Build 1538259 on Fri Apr  8 15:45:27 MDT 2016
# IP Build 1537824 on Fri Apr  8 04:28:57 MDT 2016
# Start of session at: Fri Apr 29 14:22:45 2016
# Process ID: 15796
# Current directory: C:/Users/junhao.zhang.freddie/Vivado_Projects/lab4/4.2/project_2
# Command line: vivado.exe -gui_launcher_event rodinguilauncherevent16516 C:\Users\junhao.zhang.freddie\Vivado_Projects\lab4\4.2\project_2\project_2.xpr
# Log file: C:/Users/junhao.zhang.freddie/Vivado_Projects/lab4/4.2/project_2/vivado.log
# Journal file: C:/Users/junhao.zhang.freddie/Vivado_Projects/lab4/4.2/project_2\vivado.jou
#-----------------------------------------------------------
start_gui
open_project C:/Users/junhao.zhang.freddie/Vivado_Projects/lab4/4.2/project_2/project_2.xpr
Scanning sources...
Finished scanning sources
INFO: [Project 1-230] Project 'project_2.xpr' upgraded for this version of Vivado.
INFO: [IP_Flow 19-234] Refreshing IP repositories
INFO: [IP_Flow 19-1704] No user IP repositories specified
INFO: [IP_Flow 19-2313] Loaded Vivado IP repository 'C:/Xilinx/Vivado/2016.1/data/ip'.
update_compile_order -fileset sources_1
exit
INFO: [Common 17-206] Exiting Vivado at Fri Apr 29 14:42:52 2016...
