#-----------------------------------------------------------
# Vivado v2015.4 (64-bit)
# SW Build 1412921 on Wed Nov 18 09:43:45 MST 2015
# IP Build 1412160 on Tue Nov 17 13:47:24 MST 2015
# Start of session at: Sat Mar 19 14:56:27 2016
# Process ID: 16576
# Current directory: C:/Users/junhao.zhang.freddie/Vivado_Projects/lab4/project_2/project_2
# Command line: vivado.exe -gui_launcher_event rodinguilauncherevent19196 C:\Users\junhao.zhang.freddie\Vivado_Projects\lab4\project_2\project_2\project_2.xpr
# Log file: C:/Users/junhao.zhang.freddie/Vivado_Projects/lab4/project_2/project_2/vivado.log
# Journal file: C:/Users/junhao.zhang.freddie/Vivado_Projects/lab4/project_2/project_2\vivado.jou
#-----------------------------------------------------------
start_gui
open_project C:/Users/junhao.zhang.freddie/Vivado_Projects/lab4/project_2/project_2/project_2.xpr
Scanning sources...
Finished scanning sources
INFO: [IP_Flow 19-234] Refreshing IP repositories
INFO: [IP_Flow 19-1704] No user IP repositories specified
INFO: [IP_Flow 19-2313] Loaded Vivado IP repository 'C:/Xilinx/Vivado/2015.4/data/ip'.
exit
INFO: [Common 17-206] Exiting Vivado at Sat Mar 19 15:00:43 2016...
