#-----------------------------------------------------------
# Vivado v2015.4 (64-bit)
# SW Build 1412921 on Wed Nov 18 09:43:45 MST 2015
# IP Build 1412160 on Tue Nov 17 13:47:24 MST 2015
# Start of session at: Mon Apr 11 18:02:39 2016
# Process ID: 24752
# Current directory: C:/Users/junhao.zhang.freddie/Vivado_Projects/lab4/Challenage
# Command line: vivado.exe -gui_launcher_event rodinguilauncherevent18848 C:\Users\junhao.zhang.freddie\Vivado_Projects\lab4\Challenage\project_3.xpr
# Log file: C:/Users/junhao.zhang.freddie/Vivado_Projects/lab4/Challenage/vivado.log
# Journal file: C:/Users/junhao.zhang.freddie/Vivado_Projects/lab4/Challenage\vivado.jou
#-----------------------------------------------------------
start_gui
open_project C:/Users/junhao.zhang.freddie/Vivado_Projects/lab4/Challenage/project_3.xpr
Scanning sources...
Finished scanning sources
INFO: [IP_Flow 19-234] Refreshing IP repositories
INFO: [IP_Flow 19-1704] No user IP repositories specified
INFO: [IP_Flow 19-2313] Loaded Vivado IP repository 'C:/Xilinx/Vivado/2015.4/data/ip'.
reset_run synth_1
launch_runs synth_1
INFO: [HDL 9-2216] Analyzing Verilog file "C:/Users/junhao.zhang.freddie/Vivado_Projects/lab4/Challenage/project_3.srcs/sources_1/new/Decoder.v" into library work [C:/Users/junhao.zhang.freddie/Vivado_Projects/lab4/Challenage/project_3.srcs/sources_1/new/Decoder.v:1]
INFO: [HDL 9-2216] Analyzing Verilog file "C:/Users/junhao.zhang.freddie/Vivado_Projects/lab4/Challenage/project_3.srcs/sources_1/imports/Desktop/counter.v" into library work [C:/Users/junhao.zhang.freddie/Vivado_Projects/lab4/Challenage/project_3.srcs/sources_1/imports/Desktop/counter.v:1]
INFO: [HDL 9-2216] Analyzing Verilog file "C:/Users/junhao.zhang.freddie/Vivado_Projects/lab4/Challenage/project_3.srcs/sources_1/new/sum.v" into library work [C:/Users/junhao.zhang.freddie/Vivado_Projects/lab4/Challenage/project_3.srcs/sources_1/new/sum.v:1]
[Mon Apr 11 18:02:58 2016] Launched synth_1...
Run output will be captured here: C:/Users/junhao.zhang.freddie/Vivado_Projects/lab4/Challenage/project_3.runs/synth_1/runme.log
launch_runs impl_1
[Mon Apr 11 18:03:29 2016] Launched impl_1...
Run output will be captured here: C:/Users/junhao.zhang.freddie/Vivado_Projects/lab4/Challenage/project_3.runs/impl_1/runme.log
exit
INFO: [Common 17-206] Exiting Vivado at Mon Apr 11 20:48:05 2016...
