#-----------------------------------------------------------
# Vivado v2015.4 (64-bit)
# SW Build 1412921 on Wed Nov 18 09:43:45 MST 2015
# IP Build 1412160 on Tue Nov 17 13:47:24 MST 2015
# Start of session at: Wed Apr 13 20:21:39 2016
# Process ID: 21692
# Current directory: C:/Users/junhao.zhang.freddie/Vivado_Projects/lab4/Challenage
# Command line: vivado.exe -gui_launcher_event rodinguilauncherevent31040 C:\Users\junhao.zhang.freddie\Vivado_Projects\lab4\Challenage\project_3.xpr
# Log file: C:/Users/junhao.zhang.freddie/Vivado_Projects/lab4/Challenage/vivado.log
# Journal file: C:/Users/junhao.zhang.freddie/Vivado_Projects/lab4/Challenage\vivado.jou
#-----------------------------------------------------------
start_gui
open_project C:/Users/junhao.zhang.freddie/Vivado_Projects/lab4/Challenage/project_3.xpr
Scanning sources...
Finished scanning sources
INFO: [IP_Flow 19-234] Refreshing IP repositories
INFO: [IP_Flow 19-1704] No user IP repositories specified
INFO: [IP_Flow 19-2313] Loaded Vivado IP repository 'C:/Xilinx/Vivado/2015.4/data/ip'.
exit
INFO: [Common 17-206] Exiting Vivado at Wed Apr 13 20:30:00 2016...
