#-----------------------------------------------------------
# Vivado v2015.4 (64-bit)
# SW Build 1412921 on Wed Nov 18 09:43:45 MST 2015
# IP Build 1412160 on Tue Nov 17 13:47:24 MST 2015
# Start of session at: Thu Feb 18 12:54:02 2016
# Process ID: 16600
# Current directory: C:/Users/junhao.zhang.freddie/Vivado_Projects/lab4/project_2_simu/project_mux
# Command line: vivado.exe -gui_launcher_event rodinguilauncherevent12688 C:\Users\junhao.zhang.freddie\Vivado_Projects\lab4\project_2_simu\project_mux\project_2.5.xpr
# Log file: C:/Users/junhao.zhang.freddie/Vivado_Projects/lab4/project_2_simu/project_mux/vivado.log
# Journal file: C:/Users/junhao.zhang.freddie/Vivado_Projects/lab4/project_2_simu/project_mux\vivado.jou
#-----------------------------------------------------------
start_gui
open_project C:/Users/junhao.zhang.freddie/Vivado_Projects/lab4/project_2_simu/project_mux/project_2.5.xpr
INFO: [Project 1-313] Project file moved from 'C:/Users/junhao.zhang.freddie/Vivado_Projects/lab4/project_2.5' since last save.
Scanning sources...
Finished scanning sources
INFO: [IP_Flow 19-234] Refreshing IP repositories
INFO: [IP_Flow 19-1704] No user IP repositories specified
INFO: [IP_Flow 19-2313] Loaded Vivado IP repository 'C:/Xilinx/Vivado/2015.4/data/ip'.
exit
INFO: [Common 17-206] Exiting Vivado at Thu Feb 18 15:07:29 2016...
