#-----------------------------------------------------------
# Vivado v2015.4 (64-bit)
# SW Build 1412921 on Wed Nov 18 09:43:45 MST 2015
# IP Build 1412160 on Tue Nov 17 13:47:24 MST 2015
# Start of session at: Fri Apr 15 02:59:56 2016
# Process ID: 22724
# Current directory: C:/Users/junhao.zhang.freddie/Vivado_Projects/lab3/Challenage
# Command line: vivado.exe -gui_launcher_event rodinguilauncherevent19948 C:\Users\junhao.zhang.freddie\Vivado_Projects\lab3\Challenage\project_2.xpr
# Log file: C:/Users/junhao.zhang.freddie/Vivado_Projects/lab3/Challenage/vivado.log
# Journal file: C:/Users/junhao.zhang.freddie/Vivado_Projects/lab3/Challenage\vivado.jou
#-----------------------------------------------------------
start_gui
open_project C:/Users/junhao.zhang.freddie/Vivado_Projects/lab3/Challenage/project_2.xpr
Scanning sources...
Finished scanning sources
WARNING: [filemgmt 56-3] IPUserFilesDir: Could not find the directory 'C:/Users/junhao.zhang.freddie/Vivado_Projects/lab3/project_1/project_1.ip_user_files'.
WARNING: [filemgmt 56-3] IPStaticSourceDir: Could not find the directory 'C:/Users/junhao.zhang.freddie/Vivado_Projects/lab3/project_1/project_1.ip_user_files/ipstatic'.
INFO: [IP_Flow 19-234] Refreshing IP repositories
INFO: [IP_Flow 19-1704] No user IP repositories specified
INFO: [IP_Flow 19-2313] Loaded Vivado IP repository 'C:/Xilinx/Vivado/2015.4/data/ip'.
exit
INFO: [Common 17-206] Exiting Vivado at Fri Apr 15 03:00:17 2016...
