#-----------------------------------------------------------
# Vivado v2015.4 (64-bit)
# SW Build 1412921 on Wed Nov 18 09:43:45 MST 2015
# IP Build 1412160 on Tue Nov 17 13:47:24 MST 2015
# Start of session at: Thu Feb 18 02:31:04 2016
# Process ID: 12276
# Current directory: C:/Users/junhao.zhang.freddie/Vivado_Projects/lab4/project_1/project_3
# Command line: vivado.exe -gui_launcher_event rodinguilauncherevent11856 C:\Users\junhao.zhang.freddie\Vivado_Projects\lab4\project_1\project_3\project_3.xpr
# Log file: C:/Users/junhao.zhang.freddie/Vivado_Projects/lab4/project_1/project_3/vivado.log
# Journal file: C:/Users/junhao.zhang.freddie/Vivado_Projects/lab4/project_1/project_3\vivado.jou
#-----------------------------------------------------------
start_gui
open_project C:/Users/junhao.zhang.freddie/Vivado_Projects/lab4/project_1/project_3/project_3.xpr
Scanning sources...
Finished scanning sources
INFO: [IP_Flow 19-234] Refreshing IP repositories
INFO: [IP_Flow 19-1704] No user IP repositories specified
INFO: [IP_Flow 19-2313] Loaded Vivado IP repository 'C:/Xilinx/Vivado/2015.4/data/ip'.
exit
INFO: [Common 17-206] Exiting Vivado at Thu Feb 18 02:31:33 2016...
