#-----------------------------------------------------------
# Vivado v2015.4 (64-bit)
# SW Build 1412921 on Wed Nov 18 09:43:45 MST 2015
# IP Build 1412160 on Tue Nov 17 13:47:24 MST 2015
# Start of session at: Thu Feb 04 17:28:11 2016
# Process ID: 7820
# Current directory: C:/Users/junhao.zhang.freddie/Vivado_Projects/lab2/project_2
# Command line: vivado.exe -gui_launcher_event rodinguilauncherevent7388 C:\Users\junhao.zhang.freddie\Vivado_Projects\lab2\project_2\project_2.xpr
# Log file: C:/Users/junhao.zhang.freddie/Vivado_Projects/lab2/project_2/vivado.log
# Journal file: C:/Users/junhao.zhang.freddie/Vivado_Projects/lab2/project_2\vivado.jou
#-----------------------------------------------------------
start_gui
open_project C:/Users/junhao.zhang.freddie/Vivado_Projects/lab2/project_2/project_2.xpr
INFO: [Project 1-313] Project file moved from 'C:/Users/junhao.zhang.freddie/Vivado_Projects/project_2' since last save.
Scanning sources...
Finished scanning sources
INFO: [IP_Flow 19-234] Refreshing IP repositories
INFO: [IP_Flow 19-1704] No user IP repositories specified
INFO: [IP_Flow 19-2313] Loaded Vivado IP repository 'C:/Xilinx/Vivado/2015.4/data/ip'.
open_project: Time (s): cpu = 00:00:10 ; elapsed = 00:00:21 . Memory (MB): peak = 718.047 ; gain = 102.242
open_hw
connect_hw_server
INFO: [Labtools 27-2285] Connecting to hw_server url TCP:localhost:3121
INFO: [Labtools 27-2222] Launching hw_server...
INFO: [Labtools 27-2221] Launch Output:

****** Xilinx hw_server v2015.4
  **** Build date : Nov 17 2015-18:01:07
    ** Copyright 1986-1999, 2001-2015 Xilinx, Inc. All Rights Reserved.


open_hw_target
INFO: [Labtoolstcl 44-466] Opening hw_target localhost:3121/xilinx_tcf/Digilent/210183736731A
set_property PROGRAM.FILE {C:/Users/junhao.zhang.freddie/Vivado_Projects/lab2/project_2/project_2.runs/impl_1/lights.bit} [lindex [get_hw_devices] 0]
current_hw_device [lindex [get_hw_devices] 0]
refresh_hw_device -update_hw_probes false [lindex [get_hw_devices] 0]
INFO: [Labtools 27-1434] Device xc7a35t (JTAG device index = 0) is programmed with a design that has no supported debug core(s) in it.
WARNING: [Labtools 27-3123] The debug hub core was not detected at User Scan Chain 1 or 3.
Resolution: 
1. Make sure the clock connected to the debug hub (dbg_hub) core is a free running clock and is active OR
2. Manually launch hw_server with -e "set xsdb-user-bscan <C_USER_SCAN_CHAIN scan_chain_number>" to detect the debug hub at User Scan Chain of 2 or 4. To determine the user scan chain setting, open the implemented design and use: get_property C_USER_SCAN_CHAIN [get_debug_cores dbg_hub].
set_property PROBES.FILE {} [lindex [get_hw_devices] 0]
set_property PROGRAM.FILE {C:/Users/junhao.zhang.freddie/Vivado_Projects/lab2/project_2/project_2.runs/impl_1/lights.bit} [lindex [get_hw_devices] 0]
program_hw_devices [lindex [get_hw_devices] 0]
INFO: [Labtools 27-3164] End of startup status: HIGH
refresh_hw_device [lindex [get_hw_devices] 0]
INFO: [Labtools 27-1434] Device xc7a35t (JTAG device index = 0) is programmed with a design that has no supported debug core(s) in it.
WARNING: [Labtools 27-3123] The debug hub core was not detected at User Scan Chain 1 or 3.
Resolution: 
1. Make sure the clock connected to the debug hub (dbg_hub) core is a free running clock and is active OR
2. Manually launch hw_server with -e "set xsdb-user-bscan <C_USER_SCAN_CHAIN scan_chain_number>" to detect the debug hub at User Scan Chain of 2 or 4. To determine the user scan chain setting, open the implemented design and use: get_property C_USER_SCAN_CHAIN [get_debug_cores dbg_hub].
ERROR: [Labtoolstcl 44-513] HW Target shutdown. Closing target: localhost:3121/xilinx_tcf/Digilent/210183736731A
exit
INFO: [Common 17-206] Exiting Vivado at Thu Feb 04 17:32:24 2016...
