#-----------------------------------------------------------
# Vivado v2015.4 (64-bit)
# SW Build 1412921 on Wed Nov 18 09:43:45 MST 2015
# IP Build 1412160 on Tue Nov 17 13:47:24 MST 2015
# Start of session at: Thu Feb 25 22:38:02 2016
# Process ID: 21412
# Current directory: C:/Users/junhao.zhang.freddie/Vivado_Projects/lab4/project_1/project_2
# Command line: vivado.exe -gui_launcher_event rodinguilauncherevent22504 C:\Users\junhao.zhang.freddie\Vivado_Projects\lab4\project_1\project_2\project_2.xpr
# Log file: C:/Users/junhao.zhang.freddie/Vivado_Projects/lab4/project_1/project_2/vivado.log
# Journal file: C:/Users/junhao.zhang.freddie/Vivado_Projects/lab4/project_1/project_2\vivado.jou
#-----------------------------------------------------------
start_gui
open_project C:/Users/junhao.zhang.freddie/Vivado_Projects/lab4/project_1/project_2/project_2.xpr
Scanning sources...
Finished scanning sources
INFO: [IP_Flow 19-234] Refreshing IP repositories
INFO: [IP_Flow 19-1704] No user IP repositories specified
INFO: [IP_Flow 19-2313] Loaded Vivado IP repository 'C:/Xilinx/Vivado/2015.4/data/ip'.
reset_run synth_1
launch_runs synth_1
INFO: [HDL 9-2216] Analyzing Verilog file "C:/Users/junhao.zhang.freddie/Vivado_Projects/lab4/project_1/project_2/project_2.srcs/sources_1/new/dec.v" into library work [C:/Users/junhao.zhang.freddie/Vivado_Projects/lab4/project_1/project_2/project_2.srcs/sources_1/new/dec.v:1]
[Thu Feb 25 22:38:21 2016] Launched synth_1...
Run output will be captured here: C:/Users/junhao.zhang.freddie/Vivado_Projects/lab4/project_1/project_2/project_2.runs/synth_1/runme.log
launch_runs impl_1
[Thu Feb 25 22:40:13 2016] Launched impl_1...
Run output will be captured here: C:/Users/junhao.zhang.freddie/Vivado_Projects/lab4/project_1/project_2/project_2.runs/impl_1/runme.log
launch_runs impl_1 -to_step write_bitstream
[Thu Feb 25 22:41:09 2016] Launched impl_1...
Run output will be captured here: C:/Users/junhao.zhang.freddie/Vivado_Projects/lab4/project_1/project_2/project_2.runs/impl_1/runme.log
open_run impl_1
INFO: [Netlist 29-17] Analyzing 3 Unisim elements for replacement
INFO: [Netlist 29-28] Unisim Transformation completed in 0 CPU seconds
INFO: [Project 1-479] Netlist was created with Vivado 2015.4
INFO: [Device 21-403] Loading part xc7a35tcpg236-1
INFO: [Project 1-570] Preparing netlist for logic optimization
Parsing XDC File [C:/Users/junhao.zhang.freddie/Vivado_Projects/lab4/project_1/project_2/.Xil/Vivado-21412-Junhao/dcp/dec.xdc]
Finished Parsing XDC File [C:/Users/junhao.zhang.freddie/Vivado_Projects/lab4/project_1/project_2/.Xil/Vivado-21412-Junhao/dcp/dec.xdc]
Reading XDEF placement.
Reading placer database...
Reading XDEF routing.
Read XDEF File: Time (s): cpu = 00:00:00 ; elapsed = 00:00:00.025 . Memory (MB): peak = 907.500 ; gain = 0.000
Restored from archive | CPU: 0.000000 secs | Memory: 0.000000 MB |
Finished XDEF File Restore: Time (s): cpu = 00:00:00 ; elapsed = 00:00:00.025 . Memory (MB): peak = 907.500 ; gain = 0.000
INFO: [Project 1-111] Unisim Transformation Summary:
No Unisim elements were transformed.

open_run: Time (s): cpu = 00:00:11 ; elapsed = 00:00:05 . Memory (MB): peak = 1015.805 ; gain = 276.910
WARNING: [Timing 38-313] There are no user specified timing constraints. Timing constraints are needed for proper timing analysis.
exit
INFO: [Common 17-206] Exiting Vivado at Thu Feb 25 22:44:25 2016...
