#-----------------------------------------------------------
# Vivado v2015.4 (64-bit)
# SW Build 1412921 on Wed Nov 18 09:43:45 MST 2015
# IP Build 1412160 on Tue Nov 17 13:47:24 MST 2015
# Start of session at: Thu Feb 18 10:18:00 2016
# Process ID: 7072
# Current directory: C:/Users/junhao.zhang.freddie/Vivado_Projects/lab4/project_1/project_4
# Command line: vivado.exe -gui_launcher_event rodinguilauncherevent10772 C:\Users\junhao.zhang.freddie\Vivado_Projects\lab4\project_1\project_4\project_4.xpr
# Log file: C:/Users/junhao.zhang.freddie/Vivado_Projects/lab4/project_1/project_4/vivado.log
# Journal file: C:/Users/junhao.zhang.freddie/Vivado_Projects/lab4/project_1/project_4\vivado.jou
#-----------------------------------------------------------
start_gui
open_project C:/Users/junhao.zhang.freddie/Vivado_Projects/lab4/project_1/project_4/project_4.xpr
Scanning sources...
Finished scanning sources
INFO: [IP_Flow 19-234] Refreshing IP repositories
INFO: [IP_Flow 19-1704] No user IP repositories specified
INFO: [IP_Flow 19-2313] Loaded Vivado IP repository 'C:/Xilinx/Vivado/2015.4/data/ip'.
close_project
open_project C:/Users/junhao.zhang.freddie/Vivado_Projects/lab4/project_1/project_1/project_1.xpr
Scanning sources...
Finished scanning sources
INFO: [IP_Flow 19-234] Refreshing IP repositories
INFO: [IP_Flow 19-1704] No user IP repositories specified
INFO: [IP_Flow 19-2313] Loaded Vivado IP repository 'C:/Xilinx/Vivado/2015.4/data/ip'.
exit
INFO: [Common 17-206] Exiting Vivado at Thu Feb 18 10:20:10 2016...
