Copyright 1986-2015 Xilinx, Inc. All Rights Reserved.
---------------------------------------------------------------------------------------------------------------------------------------------------------------
| Tool Version : Vivado v.2015.4 (win64) Build 1412921 Wed Nov 18 09:43:45 MST 2015
| Date         : Wed Mar 09 05:07:44 2016
| Host         : Junhao running 64-bit major release  (build 9200)
| Command      : report_timing_summary -warn_on_violation -max_paths 10 -file clk_divider_timing_summary_routed.rpt -rpx clk_divider_timing_summary_routed.rpx
| Design       : clk_divider
| Device       : 7a35t-cpg236
| Speed File   : -1  PRODUCTION 1.14 2014-09-11
---------------------------------------------------------------------------------------------------------------------------------------------------------------

Timing Summary Report

------------------------------------------------------------------------------------------------
| Timer Settings
| --------------
------------------------------------------------------------------------------------------------

  Enable Multi Corner Analysis               :  Yes
  Enable Pessimism Removal                   :  Yes
  Pessimism Removal Resolution               :  Nearest Common Node
  Enable Input Delay Default Clock           :  No
  Enable Preset / Clear Arcs                 :  No
  Disable Flight Delays                      :  No
  Ignore I/O Paths                           :  No
  Timing Early Launch at Borrowing Latches   :  false

  Corner  Analyze    Analyze    
  Name    Max Paths  Min Paths  
  ------  ---------  ---------  
  Slow    Yes        Yes        
  Fast    Yes        Yes        



check_timing report

Table of Contents
-----------------
1. checking no_clock
2. checking constant_clock
3. checking pulse_width_clock
4. checking unconstrained_internal_endpoints
5. checking no_input_delay
6. checking no_output_delay
7. checking multiple_clock
8. checking generated_clocks
9. checking loops
10. checking partial_input_delay
11. checking partial_output_delay
12. checking latch_loops

1. checking no_clock
--------------------
 There is 1 register/latch pin with no clock driven by root clock pin: dff_gen_label[10].dff_inst/Q_reg/C (HIGH)

 There is 1 register/latch pin with no clock driven by root clock pin: dff_gen_label[11].dff_inst/Q_reg/C (HIGH)

 There is 1 register/latch pin with no clock driven by root clock pin: dff_gen_label[12].dff_inst/Q_reg/C (HIGH)

 There is 1 register/latch pin with no clock driven by root clock pin: dff_gen_label[13].dff_inst/Q_reg/C (HIGH)

 There is 1 register/latch pin with no clock driven by root clock pin: dff_gen_label[14].dff_inst/Q_reg/C (HIGH)

 There is 1 register/latch pin with no clock driven by root clock pin: dff_gen_label[15].dff_inst/Q_reg/C (HIGH)

 There is 1 register/latch pin with no clock driven by root clock pin: dff_gen_label[16].dff_inst/Q_reg/C (HIGH)

 There is 1 register/latch pin with no clock driven by root clock pin: dff_gen_label[17].dff_inst/Q_reg/C (HIGH)

 There is 1 register/latch pin with no clock driven by root clock pin: dff_gen_label[18].dff_inst/Q_reg/C (HIGH)

 There is 1 register/latch pin with no clock driven by root clock pin: dff_gen_label[19].dff_inst/Q_reg/C (HIGH)

 There is 1 register/latch pin with no clock driven by root clock pin: dff_gen_label[1].dff_inst/Q_reg/C (HIGH)

 There is 1 register/latch pin with no clock driven by root clock pin: dff_gen_label[20].dff_inst/Q_reg/C (HIGH)

 There is 1 register/latch pin with no clock driven by root clock pin: dff_gen_label[21].dff_inst/Q_reg/C (HIGH)

 There is 1 register/latch pin with no clock driven by root clock pin: dff_gen_label[22].dff_inst/Q_reg/C (HIGH)

 There is 1 register/latch pin with no clock driven by root clock pin: dff_gen_label[23].dff_inst/Q_reg/C (HIGH)

 There is 1 register/latch pin with no clock driven by root clock pin: dff_gen_label[24].dff_inst/Q_reg/C (HIGH)

 There is 1 register/latch pin with no clock driven by root clock pin: dff_gen_label[25].dff_inst/Q_reg/C (HIGH)

 There is 1 register/latch pin with no clock driven by root clock pin: dff_gen_label[2].dff_inst/Q_reg/C (HIGH)

 There is 1 register/latch pin with no clock driven by root clock pin: dff_gen_label[3].dff_inst/Q_reg/C (HIGH)

 There is 1 register/latch pin with no clock driven by root clock pin: dff_gen_label[4].dff_inst/Q_reg/C (HIGH)

 There is 1 register/latch pin with no clock driven by root clock pin: dff_gen_label[5].dff_inst/Q_reg/C (HIGH)

 There is 1 register/latch pin with no clock driven by root clock pin: dff_gen_label[6].dff_inst/Q_reg/C (HIGH)

 There is 1 register/latch pin with no clock driven by root clock pin: dff_gen_label[7].dff_inst/Q_reg/C (HIGH)

 There is 1 register/latch pin with no clock driven by root clock pin: dff_gen_label[8].dff_inst/Q_reg/C (HIGH)

 There is 1 register/latch pin with no clock driven by root clock pin: dff_gen_label[9].dff_inst/Q_reg/C (HIGH)

 There is 1 register/latch pin with no clock driven by root clock pin: dff_inst0/Q_reg/C (HIGH)


2. checking constant_clock
--------------------------
 There are 0 register/latch pins with constant_clock.


3. checking pulse_width_clock
-----------------------------
 There are 0 register/latch pins which need pulse_width check


4. checking unconstrained_internal_endpoints
--------------------------------------------
 There are 52 pins that are not constrained for maximum delay. (HIGH)

 There are 0 pins that are not constrained for maximum delay due to constant clock.


5. checking no_input_delay
--------------------------
 There is 1 input port with no input delay specified. (HIGH)

 There are 0 input ports with no input delay but user has a false path constraint.


6. checking no_output_delay
---------------------------
 There is 1 port with no output delay specified. (HIGH)

 There are 0 ports with no output delay but user has a false path constraint

 There are 0 ports with no output delay but with a timing clock defined on it or propagating through it


7. checking multiple_clock
--------------------------
 There are 0 register/latch pins with multiple clocks.


8. checking generated_clocks
----------------------------
 There are 0 generated clocks that are not connected to a clock source.


9. checking loops
-----------------
 There are 0 combinational loops in the design.


10. checking partial_input_delay
--------------------------------
 There are 0 input ports with partial input delay specified.


11. checking partial_output_delay
---------------------------------
 There are 0 ports with partial output delay specified.


12. checking latch_loops
------------------------
 There are 0 combinational latch loops in the design through latch input



------------------------------------------------------------------------------------------------
| Design Timing Summary
| ---------------------
------------------------------------------------------------------------------------------------

    WNS(ns)      TNS(ns)  TNS Failing Endpoints  TNS Total Endpoints      WHS(ns)      THS(ns)  THS Failing Endpoints  THS Total Endpoints     WPWS(ns)     TPWS(ns)  TPWS Failing Endpoints  TPWS Total Endpoints  
    -------      -------  ---------------------  -------------------      -------      -------  ---------------------  -------------------     --------     --------  ----------------------  --------------------  
      8.503        0.000                      0                    1        0.411        0.000                      0                    1        4.500        0.000                       0                     2  


All user specified timing constraints are met.


------------------------------------------------------------------------------------------------
| Clock Summary
| -------------
------------------------------------------------------------------------------------------------

Clock        Waveform(ns)       Period(ns)      Frequency(MHz)
-----        ------------       ----------      --------------
sys_clk_pin  {0.000 5.000}      10.000          100.000         


------------------------------------------------------------------------------------------------
| Intra Clock Table
| -----------------
------------------------------------------------------------------------------------------------

Clock             WNS(ns)      TNS(ns)  TNS Failing Endpoints  TNS Total Endpoints      WHS(ns)      THS(ns)  THS Failing Endpoints  THS Total Endpoints     WPWS(ns)     TPWS(ns)  TPWS Failing Endpoints  TPWS Total Endpoints  
-----             -------      -------  ---------------------  -------------------      -------      -------  ---------------------  -------------------     --------     --------  ----------------------  --------------------  
sys_clk_pin         8.503        0.000                      0                    1        0.411        0.000                      0                    1        4.500        0.000                       0                     2  


------------------------------------------------------------------------------------------------
| Inter Clock Table
| -----------------
------------------------------------------------------------------------------------------------

From Clock    To Clock          WNS(ns)      TNS(ns)  TNS Failing Endpoints  TNS Total Endpoints      WHS(ns)      THS(ns)  THS Failing Endpoints  THS Total Endpoints  
----------    --------          -------      -------  ---------------------  -------------------      -------      -------  ---------------------  -------------------  


------------------------------------------------------------------------------------------------
| Other Path Groups Table
| -----------------------
------------------------------------------------------------------------------------------------

Path Group    From Clock    To Clock          WNS(ns)      TNS(ns)  TNS Failing Endpoints  TNS Total Endpoints      WHS(ns)      THS(ns)  THS Failing Endpoints  THS Total Endpoints  
----------    ----------    --------          -------      -------  ---------------------  -------------------      -------      -------  ---------------------  -------------------  


------------------------------------------------------------------------------------------------
| Timing Details
| --------------
------------------------------------------------------------------------------------------------


---------------------------------------------------------------------------------------------------
From Clock:  sys_clk_pin
  To Clock:  sys_clk_pin

Setup :            0  Failing Endpoints,  Worst Slack        8.503ns,  Total Violation        0.000ns
Hold  :            0  Failing Endpoints,  Worst Slack        0.411ns,  Total Violation        0.000ns
PW    :            0  Failing Endpoints,  Worst Slack        4.500ns,  Total Violation        0.000ns
---------------------------------------------------------------------------------------------------


Max Delay Paths
--------------------------------------------------------------------------------------
Slack (MET) :             8.503ns  (required time - arrival time)
  Source:                 dff_inst0/Q_reg/C
                            (rising edge-triggered cell FDCE clocked by sys_clk_pin  {rise@0.000ns fall@5.000ns period=10.000ns})
  Destination:            dff_inst0/Q_reg/D
                            (rising edge-triggered cell FDCE clocked by sys_clk_pin  {rise@0.000ns fall@5.000ns period=10.000ns})
  Path Group:             sys_clk_pin
  Path Type:              Setup (Max at Slow Process Corner)
  Requirement:            10.000ns  (sys_clk_pin rise@10.000ns - sys_clk_pin rise@0.000ns)
  Data Path Delay:        1.491ns  (logic 0.580ns (38.910%)  route 0.911ns (61.090%))
  Logic Levels:           1  (LUT1=1)
  Clock Path Skew:        0.000ns (DCD - SCD + CPR)
    Destination Clock Delay (DCD):    4.852ns = ( 14.852 - 10.000 ) 
    Source Clock Delay      (SCD):    5.150ns
    Clock Pessimism Removal (CPR):    0.298ns
  Clock Uncertainty:      0.035ns  ((TSJ^2 + TIJ^2)^1/2 + DJ) / 2 + PE
    Total System Jitter     (TSJ):    0.071ns
    Total Input Jitter      (TIJ):    0.000ns
    Discrete Jitter          (DJ):    0.000ns
    Phase Error              (PE):    0.000ns

    Location             Delay type                Incr(ns)  Path(ns)    Netlist Resource(s)
  -------------------------------------------------------------------    -------------------
                         (clock sys_clk_pin rise edge)
                                                      0.000     0.000 r  
    W5                                                0.000     0.000 r  clk (IN)
                         net (fo=0)                   0.000     0.000    clk
    W5                   IBUF (Prop_ibuf_I_O)         1.458     1.458 r  clk_IBUF_inst/O
                         net (fo=1, routed)           1.967     3.425    clk_IBUF
    BUFGCTRL_X0Y0        BUFG (Prop_bufg_I_O)         0.096     3.521 r  clk_IBUF_BUFG_inst/O
                         net (fo=1, routed)           1.629     5.150    dff_inst0/clk_IBUF_BUFG
    SLICE_X0Y17          FDCE                                         r  dff_inst0/Q_reg/C
  -------------------------------------------------------------------    -------------------
    SLICE_X0Y17          FDCE (Prop_fdce_C_Q)         0.456     5.606 f  dff_inst0/Q_reg/Q
                         net (fo=2, routed)           0.911     6.517    dff_inst0/Q
    SLICE_X0Y17          LUT1 (Prop_lut1_I0_O)        0.124     6.641 r  dff_inst0/Q_i_1/O
                         net (fo=1, routed)           0.000     6.641    dff_inst0/Q_i_1_n_0
    SLICE_X0Y17          FDCE                                         r  dff_inst0/Q_reg/D
  -------------------------------------------------------------------    -------------------

                         (clock sys_clk_pin rise edge)
                                                     10.000    10.000 r  
    W5                                                0.000    10.000 r  clk (IN)
                         net (fo=0)                   0.000    10.000    clk
    W5                   IBUF (Prop_ibuf_I_O)         1.388    11.388 r  clk_IBUF_inst/O
                         net (fo=1, routed)           1.862    13.250    clk_IBUF
    BUFGCTRL_X0Y0        BUFG (Prop_bufg_I_O)         0.091    13.341 r  clk_IBUF_BUFG_inst/O
                         net (fo=1, routed)           1.511    14.852    dff_inst0/clk_IBUF_BUFG
    SLICE_X0Y17          FDCE                                         r  dff_inst0/Q_reg/C
                         clock pessimism              0.298    15.150    
                         clock uncertainty           -0.035    15.115    
    SLICE_X0Y17          FDCE (Setup_fdce_C_D)        0.029    15.144    dff_inst0/Q_reg
  -------------------------------------------------------------------
                         required time                         15.144    
                         arrival time                          -6.641    
  -------------------------------------------------------------------
                         slack                                  8.503    





Min Delay Paths
--------------------------------------------------------------------------------------
Slack (MET) :             0.411ns  (arrival time - required time)
  Source:                 dff_inst0/Q_reg/C
                            (rising edge-triggered cell FDCE clocked by sys_clk_pin  {rise@0.000ns fall@5.000ns period=10.000ns})
  Destination:            dff_inst0/Q_reg/D
                            (rising edge-triggered cell FDCE clocked by sys_clk_pin  {rise@0.000ns fall@5.000ns period=10.000ns})
  Path Group:             sys_clk_pin
  Path Type:              Hold (Min at Fast Process Corner)
  Requirement:            0.000ns  (sys_clk_pin rise@0.000ns - sys_clk_pin rise@0.000ns)
  Data Path Delay:        0.502ns  (logic 0.186ns (37.080%)  route 0.316ns (62.920%))
  Logic Levels:           1  (LUT1=1)
  Clock Path Skew:        0.000ns (DCD - SCD - CPR)
    Destination Clock Delay (DCD):    1.985ns
    Source Clock Delay      (SCD):    1.472ns
    Clock Pessimism Removal (CPR):    0.513ns

    Location             Delay type                Incr(ns)  Path(ns)    Netlist Resource(s)
  -------------------------------------------------------------------    -------------------
                         (clock sys_clk_pin rise edge)
                                                      0.000     0.000 r  
    W5                                                0.000     0.000 r  clk (IN)
                         net (fo=0)                   0.000     0.000    clk
    W5                   IBUF (Prop_ibuf_I_O)         0.226     0.226 r  clk_IBUF_inst/O
                         net (fo=1, routed)           0.631     0.858    clk_IBUF
    BUFGCTRL_X0Y0        BUFG (Prop_bufg_I_O)         0.026     0.884 r  clk_IBUF_BUFG_inst/O
                         net (fo=1, routed)           0.589     1.472    dff_inst0/clk_IBUF_BUFG
    SLICE_X0Y17          FDCE                                         r  dff_inst0/Q_reg/C
  -------------------------------------------------------------------    -------------------
    SLICE_X0Y17          FDCE (Prop_fdce_C_Q)         0.141     1.613 f  dff_inst0/Q_reg/Q
                         net (fo=2, routed)           0.316     1.929    dff_inst0/Q
    SLICE_X0Y17          LUT1 (Prop_lut1_I0_O)        0.045     1.974 r  dff_inst0/Q_i_1/O
                         net (fo=1, routed)           0.000     1.974    dff_inst0/Q_i_1_n_0
    SLICE_X0Y17          FDCE                                         r  dff_inst0/Q_reg/D
  -------------------------------------------------------------------    -------------------

                         (clock sys_clk_pin rise edge)
                                                      0.000     0.000 r  
    W5                                                0.000     0.000 r  clk (IN)
                         net (fo=0)                   0.000     0.000    clk
    W5                   IBUF (Prop_ibuf_I_O)         0.414     0.414 r  clk_IBUF_inst/O
                         net (fo=1, routed)           0.685     1.099    clk_IBUF
    BUFGCTRL_X0Y0        BUFG (Prop_bufg_I_O)         0.029     1.128 r  clk_IBUF_BUFG_inst/O
                         net (fo=1, routed)           0.858     1.985    dff_inst0/clk_IBUF_BUFG
    SLICE_X0Y17          FDCE                                         r  dff_inst0/Q_reg/C
                         clock pessimism             -0.513     1.472    
    SLICE_X0Y17          FDCE (Hold_fdce_C_D)         0.091     1.563    dff_inst0/Q_reg
  -------------------------------------------------------------------
                         required time                         -1.563    
                         arrival time                           1.974    
  -------------------------------------------------------------------
                         slack                                  0.411    





Pulse Width Checks
--------------------------------------------------------------------------------------
Clock Name:         sys_clk_pin
Waveform(ns):       { 0.000 5.000 }
Period(ns):         10.000
Sources:            { clk }

Check Type        Corner  Lib Pin  Reference Pin  Required(ns)  Actual(ns)  Slack(ns)  Location       Pin
Min Period        n/a     BUFG/I   n/a            2.155         10.000      7.845      BUFGCTRL_X0Y0  clk_IBUF_BUFG_inst/I
Min Period        n/a     FDCE/C   n/a            1.000         10.000      9.000      SLICE_X0Y17    dff_inst0/Q_reg/C
Low Pulse Width   Fast    FDCE/C   n/a            0.500         5.000       4.500      SLICE_X0Y17    dff_inst0/Q_reg/C
Low Pulse Width   Slow    FDCE/C   n/a            0.500         5.000       4.500      SLICE_X0Y17    dff_inst0/Q_reg/C
High Pulse Width  Slow    FDCE/C   n/a            0.500         5.000       4.500      SLICE_X0Y17    dff_inst0/Q_reg/C
High Pulse Width  Fast    FDCE/C   n/a            0.500         5.000       4.500      SLICE_X0Y17    dff_inst0/Q_reg/C



