#-----------------------------------------------------------
# Vivado v2015.4 (64-bit)
# SW Build 1412921 on Wed Nov 18 09:43:45 MST 2015
# IP Build 1412160 on Tue Nov 17 13:47:24 MST 2015
# Start of session at: Tue Mar 08 22:21:06 2016
# Process ID: 8316
# Current directory: C:/Users/junhao.zhang.freddie/Vivado_Projects/lab5/project_1/project_1
# Command line: vivado.exe -gui_launcher_event rodinguilauncherevent2056 C:\Users\junhao.zhang.freddie\Vivado_Projects\lab5\project_1\project_1\project_1.xpr
# Log file: C:/Users/junhao.zhang.freddie/Vivado_Projects/lab5/project_1/project_1/vivado.log
# Journal file: C:/Users/junhao.zhang.freddie/Vivado_Projects/lab5/project_1/project_1\vivado.jou
#-----------------------------------------------------------
start_gui
open_project C:/Users/junhao.zhang.freddie/Vivado_Projects/lab5/project_1/project_1/project_1.xpr
Scanning sources...
Finished scanning sources
INFO: [IP_Flow 19-234] Refreshing IP repositories
INFO: [IP_Flow 19-1704] No user IP repositories specified
INFO: [IP_Flow 19-2313] Loaded Vivado IP repository 'C:/Xilinx/Vivado/2015.4/data/ip'.
exit
INFO: [Common 17-206] Exiting Vivado at Tue Mar 08 22:22:24 2016...
ado IP repository 'C:/Xilinx/Vivado/2015.4/data/ip'.
exit
INFO: [Common 17-206] Exiting Vivado at Tue Mar 08 22:22:12 2016...
