#-----------------------------------------------------------
# Vivado v2015.4 (64-bit)
# SW Build 1412921 on Wed Nov 18 09:43:45 MST 2015
# IP Build 1412160 on Tue Nov 17 13:47:24 MST 2015
# Start of session at: Tue Mar 29 14:10:53 2016
# Process ID: 11576
# Current directory: C:/Users/junhao.zhang.freddie/Vivado_Projects/lab6/6.1/Comparater/project_1
# Command line: vivado.exe -gui_launcher_event rodinguilauncherevent12012 C:\Users\junhao.zhang.freddie\Vivado_Projects\lab6\6.1\Comparater\project_1\project_1.xpr
# Log file: C:/Users/junhao.zhang.freddie/Vivado_Projects/lab6/6.1/Comparater/project_1/vivado.log
# Journal file: C:/Users/junhao.zhang.freddie/Vivado_Projects/lab6/6.1/Comparater/project_1\vivado.jou
#-----------------------------------------------------------
start_gui
open_project C:/Users/junhao.zhang.freddie/Vivado_Projects/lab6/6.1/Comparater/project_1/project_1.xpr
INFO: [Project 1-313] Project file moved from 'C:/Users/junhao.zhang.freddie/Vivado_Projects/lab6/6.1/project_1/project_1' since last save.
Scanning sources...
Finished scanning sources
INFO: [IP_Flow 19-234] Refreshing IP repositories
INFO: [IP_Flow 19-1704] No user IP repositories specified
INFO: [IP_Flow 19-2313] Loaded Vivado IP repository 'C:/Xilinx/Vivado/2015.4/data/ip'.
exit
INFO: [Common 17-206] Exiting Vivado at Tue Mar 29 14:31:39 2016...
